<?xml version="1.0" encoding="UTF-8"?>
<testsuite xmlns:xsi="http://www.w3.org/2001/XMLSchema-instance" xsi:noNamespaceSchemaLocation="https://maven.apache.org/surefire/maven-surefire-plugin/xsd/surefire-test-report.xsd" name="basketball.PlayerTest" time="0.249" tests="18" errors="0" skipped="0" failures="0">
  <properties>
[...]
</properties>
  <testcase name="playerGetLastNameTest" classname="basketball.PlayerTest" time="0.223"/>
  <testcase name="playerSetOnFloorTest" classname="basketball.PlayerTest" time="0"/>
  <testcase name="playerAlternateConstructorTest0" classname="basketball.PlayerTest" time="0.002"/>
  <testcase name="playerAlternateConstructorTest1" classname="basketball.PlayerTest" time="0.004"/>
  <testcase name="playerAlternateConstructorTest2" classname="basketball.PlayerTest" time="0"/>
  <testcase name="playerToString" classname="basketball.PlayerTest" time="0.001"/>
  <testcase name="playerSetOffFloorTest" classname="basketball.PlayerTest" time="0"/>
  <testcase name="playerGetDisplayNameTest" classname="basketball.PlayerTest" time="0.001"/>
  <testcase name="playerEqualsTest0" classname="basketball.PlayerTest" time="0.001"/>
  <testcase name="playerEqualsTest1" classname="basketball.PlayerTest" time="0.002"/>
  <testcase name="playerEqualsTest2" classname="basketball.PlayerTest" time="0"/>
  <testcase name="playerSetNameTest0" classname="basketball.PlayerTest" time="0.001"/>
  <testcase name="playerSetNameTest1" classname="basketball.PlayerTest" time="0.001"/>
  <testcase name="playerGetNameTest" classname="basketball.PlayerTest" time="0.001"/>
  <testcase name="playerSetDisplayNameTest0" classname="basketball.PlayerTest" time="0.002"/>
  <testcase name="playerSetDisplayNameTest1" classname="basketball.PlayerTest" time="0"/>
  <testcase name="playerCompareToTest0" classname="basketball.PlayerTest" time="0.001"/>
  <testcase name="playerCompareToTest1" classname="basketball.PlayerTest" time="0"/>
</testsuite>